Using pre-set license
Built from '2020.3/staging' branch; Version is '2020.3.4f1 (0abb6314276a) revision 703331'; Using compiler version '192528614'; Build Type 'Release'
OS: 'Windows 10 Pro; OS build 19042.985; Version 2009; 64bit' Language: 'en' Physical Memory: 16330 MB
BatchMode: 1, IsHumanControllingUs: 0, StartBugReporterOnCrash: 0, Is64bit: 1, IsPro: 0

 COMMAND LINE ARGUMENTS:
E:\Technibob_bits\Unity\2020.3.4f1\Editor\Unity.exe
-adb2
-batchMode
-noUpm
-name
AssetImportWorker0
-projectPath
E:/Mine/Backup/Unity Work/New Unity ProjectAttempt_2
-logFile
Logs/AssetImportWorker0.log
-srvPort
49888
Successfully changed project path to: E:/Mine/Backup/Unity Work/New Unity ProjectAttempt_2
E:/Mine/Backup/Unity Work/New Unity ProjectAttempt_2
Using Asset Import Pipeline V2.
Refreshing native plugins compatible for Editor in 51.05 ms, found 1 plugins.
Preloading 0 native plugins for Editor in 0.00 ms.
Initialize engine version: 2020.3.4f1 (0abb6314276a)
[Subsystems] Discovering subsystems at path E:/Technibob_bits/Unity/2020.3.4f1/Editor/Data/Resources/UnitySubsystems
[Subsystems] Discovering subsystems at path E:/Mine/Backup/Unity Work/New Unity ProjectAttempt_2/Assets
GfxDevice: creating device client; threaded=0
Direct3D:
    Version:  Direct3D 11.0 [level 11.1]
    Renderer: NVIDIA GeForce GTX 1050 Ti (ID=0x1c82)
    Vendor:   
    VRAM:     4018 MB
    Driver:   27.21.14.6647
Initialize mono
Mono path[0] = 'E:/Technibob_bits/Unity/2020.3.4f1/Editor/Data/Managed'
Mono path[1] = 'E:/Technibob_bits/Unity/2020.3.4f1/Editor/Data/MonoBleedingEdge/lib/mono/unityjit'
Mono config path = 'E:/Technibob_bits/Unity/2020.3.4f1/Editor/Data/MonoBleedingEdge/etc'
Using monoOptions --debugger-agent=transport=dt_socket,embedding=1,server=y,suspend=n,address=127.0.0.1:56068
Begin MonoManager ReloadAssembly
Registering precompiled unity dll's ...
Register platform support module: E:/Technibob_bits/Unity/2020.3.4f1/Editor/Data/PlaybackEngines/WindowsStandaloneSupport/UnityEditor.WindowsStandalone.Extensions.dll
Registered in 0.001916 seconds.
Native extension for WindowsStandalone target not found
Refreshing native plugins compatible for Editor in 49.23 ms, found 1 plugins.
Preloading 0 native plugins for Editor in 0.00 ms.
Mono: successfully reloaded assembly
- Completed reload, in  1.605 seconds
Platform modules already initialized, skipping
Registering precompiled user dll's ...
Registered in 0.001646 seconds.
Begin MonoManager ReloadAssembly
Native extension for WindowsStandalone target not found
Refreshing native plugins compatible for Editor in 47.01 ms, found 1 plugins.
Preloading 0 native plugins for Editor in 0.00 ms.
Mono: successfully reloaded assembly
- Completed reload, in  1.059 seconds
Platform modules already initialized, skipping
========================================================================
Worker process is ready to serve import requests
Launched and connected shader compiler UnityShaderCompiler.exe after 0.09 seconds
Refreshing native plugins compatible for Editor in 0.52 ms, found 1 plugins.
Preloading 0 native plugins for Editor in 0.00 ms.
Unloading 2132 Unused Serialized files (Serialized files now loaded: 0)
System memory in use before: 177.7 MB.
System memory in use after: 177.3 MB.

Unloading 27 unused Assets to reduce memory usage. Loaded Objects now: 2582.
Total: 3.183000 ms (FindLiveObjects: 0.299200 ms CreateObjectMapping: 0.209400 ms MarkObjects: 2.242500 ms  DeleteObjects: 0.430800 ms)

========================================================================
Received Import Request.
  path: Assets/Scripts/PlayerStats.cs
  artifactKey: Guid(1774965522639184db746d8348a503b3) Importer(815301076,1909f56bfc062723c751e8b465ee728b)
Start importing Assets/Scripts/PlayerStats.cs using Guid(1774965522639184db746d8348a503b3) Importer(815301076,1909f56bfc062723c751e8b465ee728b)  -> (artifact id: 'ee3c148ce7366dd977afa24055e4d8b9') in 0.092871 seconds
  Import took 0.098359 seconds .

========================================================================
Received Prepare
Registering precompiled user dll's ...
Registered in 0.001968 seconds.
Begin MonoManager ReloadAssembly
Native extension for WindowsStandalone target not found
Refreshing native plugins compatible for Editor in 0.49 ms, found 1 plugins.
Preloading 0 native plugins for Editor in 0.00 ms.
Mono: successfully reloaded assembly
- Completed reload, in  1.163 seconds
Platform modules already initialized, skipping
Refreshing native plugins compatible for Editor in 0.52 ms, found 1 plugins.
Preloading 0 native plugins for Editor in 0.00 ms.
Unloading 2086 Unused Serialized files (Serialized files now loaded: 0)
System memory in use before: 173.5 MB.
System memory in use after: 173.2 MB.

Unloading 15 unused Assets to reduce memory usage. Loaded Objects now: 2587.
Total: 4.138100 ms (FindLiveObjects: 0.327900 ms CreateObjectMapping: 0.205100 ms MarkObjects: 3.040200 ms  DeleteObjects: 0.562800 ms)

========================================================================
Received Prepare
Registering precompiled user dll's ...
Registered in 0.001995 seconds.
Begin MonoManager ReloadAssembly
Native extension for WindowsStandalone target not found
Refreshing native plugins compatible for Editor in 0.64 ms, found 1 plugins.
Preloading 0 native plugins for Editor in 0.00 ms.
Mono: successfully reloaded assembly
- Completed reload, in  1.006 seconds
Platform modules already initialized, skipping
Refreshing native plugins compatible for Editor in 0.88 ms, found 1 plugins.
Preloading 0 native plugins for Editor in 0.00 ms.
Unloading 2086 Unused Serialized files (Serialized files now loaded: 0)
System memory in use before: 173.6 MB.
System memory in use after: 173.2 MB.

Unloading 15 unused Assets to reduce memory usage. Loaded Objects now: 2591.
Total: 4.291300 ms (FindLiveObjects: 0.307800 ms CreateObjectMapping: 0.201200 ms MarkObjects: 2.757900 ms  DeleteObjects: 1.022100 ms)

========================================================================
Received Prepare
Registering precompiled user dll's ...
Registered in 0.001965 seconds.
Begin MonoManager ReloadAssembly
Native extension for WindowsStandalone target not found
Refreshing native plugins compatible for Editor in 0.52 ms, found 1 plugins.
Preloading 0 native plugins for Editor in 0.00 ms.
Mono: successfully reloaded assembly
- Completed reload, in  1.072 seconds
Platform modules already initialized, skipping
Refreshing native plugins compatible for Editor in 0.52 ms, found 1 plugins.
Preloading 0 native plugins for Editor in 0.00 ms.
Unloading 2086 Unused Serialized files (Serialized files now loaded: 0)
System memory in use before: 173.6 MB.
System memory in use after: 173.2 MB.

Unloading 15 unused Assets to reduce memory usage. Loaded Objects now: 2595.
Total: 4.223900 ms (FindLiveObjects: 0.357100 ms CreateObjectMapping: 0.186700 ms MarkObjects: 3.047000 ms  DeleteObjects: 0.631800 ms)

========================================================================
Received Prepare
Registering precompiled user dll's ...
Registered in 0.001958 seconds.
Begin MonoManager ReloadAssembly
Native extension for WindowsStandalone target not found
Refreshing native plugins compatible for Editor in 0.63 ms, found 1 plugins.
Preloading 0 native plugins for Editor in 0.00 ms.
Mono: successfully reloaded assembly
- Completed reload, in  0.994 seconds
Platform modules already initialized, skipping
Refreshing native plugins compatible for Editor in 0.62 ms, found 1 plugins.
Preloading 0 native plugins for Editor in 0.00 ms.
Unloading 2086 Unused Serialized files (Serialized files now loaded: 0)
System memory in use before: 173.6 MB.
System memory in use after: 173.2 MB.

Unloading 15 unused Assets to reduce memory usage. Loaded Objects now: 2599.
Total: 4.173900 ms (FindLiveObjects: 0.276200 ms CreateObjectMapping: 0.185900 ms MarkObjects: 2.590600 ms  DeleteObjects: 1.120000 ms)

========================================================================
Received Prepare
Registering precompiled user dll's ...
Registered in 0.002082 seconds.
Begin MonoManager ReloadAssembly
Native extension for WindowsStandalone target not found
Refreshing native plugins compatible for Editor in 0.63 ms, found 1 plugins.
Preloading 0 native plugins for Editor in 0.00 ms.
Mono: successfully reloaded assembly
- Completed reload, in  1.091 seconds
Platform modules already initialized, skipping
Refreshing native plugins compatible for Editor in 0.52 ms, found 1 plugins.
Preloading 0 native plugins for Editor in 0.00 ms.
Unloading 2086 Unused Serialized files (Serialized files now loaded: 0)
System memory in use before: 173.6 MB.
System memory in use after: 173.3 MB.

Unloading 15 unused Assets to reduce memory usage. Loaded Objects now: 2603.
Total: 3.092400 ms (FindLiveObjects: 0.275200 ms CreateObjectMapping: 0.185600 ms MarkObjects: 2.109400 ms  DeleteObjects: 0.521100 ms)

========================================================================
Received Prepare
Registering precompiled user dll's ...
Registered in 0.002177 seconds.
Begin MonoManager ReloadAssembly
Native extension for WindowsStandalone target not found
Refreshing native plugins compatible for Editor in 0.51 ms, found 1 plugins.
Preloading 0 native plugins for Editor in 0.00 ms.
Mono: successfully reloaded assembly
- Completed reload, in  0.942 seconds
Platform modules already initialized, skipping
Refreshing native plugins compatible for Editor in 0.53 ms, found 1 plugins.
Preloading 0 native plugins for Editor in 0.00 ms.
Unloading 2086 Unused Serialized files (Serialized files now loaded: 0)
System memory in use before: 173.6 MB.
System memory in use after: 173.3 MB.

Unloading 15 unused Assets to reduce memory usage. Loaded Objects now: 2607.
Total: 3.468900 ms (FindLiveObjects: 0.275500 ms CreateObjectMapping: 0.190900 ms MarkObjects: 2.367600 ms  DeleteObjects: 0.633700 ms)

========================================================================
Received Prepare
Registering precompiled user dll's ...
Registered in 0.003884 seconds.
Begin MonoManager ReloadAssembly
Native extension for WindowsStandalone target not found
Refreshing native plugins compatible for Editor in 0.90 ms, found 1 plugins.
Preloading 0 native plugins for Editor in 0.00 ms.
Mono: successfully reloaded assembly
- Completed reload, in  0.998 seconds
Platform modules already initialized, skipping
Refreshing native plugins compatible for Editor in 0.53 ms, found 1 plugins.
Preloading 0 native plugins for Editor in 0.00 ms.
Unloading 2086 Unused Serialized files (Serialized files now loaded: 0)
System memory in use before: 173.6 MB.
System memory in use after: 173.3 MB.

Unloading 15 unused Assets to reduce memory usage. Loaded Objects now: 2611.
Total: 3.151700 ms (FindLiveObjects: 0.284000 ms CreateObjectMapping: 0.183400 ms MarkObjects: 2.191100 ms  DeleteObjects: 0.492100 ms)

========================================================================
Received Prepare
Registering precompiled user dll's ...
Registered in 0.001807 seconds.
Begin MonoManager ReloadAssembly
Native extension for WindowsStandalone target not found
Refreshing native plugins compatible for Editor in 0.61 ms, found 1 plugins.
Preloading 0 native plugins for Editor in 0.00 ms.
Mono: successfully reloaded assembly
- Completed reload, in  1.060 seconds
Platform modules already initialized, skipping
Refreshing native plugins compatible for Editor in 0.74 ms, found 1 plugins.
Preloading 0 native plugins for Editor in 0.00 ms.
Unloading 2086 Unused Serialized files (Serialized files now loaded: 0)
System memory in use before: 173.7 MB.
System memory in use after: 173.3 MB.

Unloading 15 unused Assets to reduce memory usage. Loaded Objects now: 2615.
Total: 3.665700 ms (FindLiveObjects: 0.295200 ms CreateObjectMapping: 0.194600 ms MarkObjects: 2.377900 ms  DeleteObjects: 0.796800 ms)

========================================================================
Received Prepare
Registering precompiled user dll's ...
Registered in 0.002030 seconds.
Begin MonoManager ReloadAssembly
Native extension for WindowsStandalone target not found
Refreshing native plugins compatible for Editor in 0.51 ms, found 1 plugins.
Preloading 0 native plugins for Editor in 0.00 ms.
Mono: successfully reloaded assembly
- Completed reload, in  0.920 seconds
Platform modules already initialized, skipping
Refreshing native plugins compatible for Editor in 0.55 ms, found 1 plugins.
Preloading 0 native plugins for Editor in 0.00 ms.
Unloading 2086 Unused Serialized files (Serialized files now loaded: 0)
System memory in use before: 173.7 MB.
System memory in use after: 173.3 MB.

Unloading 15 unused Assets to reduce memory usage. Loaded Objects now: 2619.
Total: 3.604900 ms (FindLiveObjects: 0.295600 ms CreateObjectMapping: 0.181000 ms MarkObjects: 2.547300 ms  DeleteObjects: 0.580000 ms)

========================================================================
Received Import Request.
  Time since last request: 2827.596654 seconds.
  path: Assets/Prefabs/_GM.prefab
  artifactKey: Guid(c56de320f3b8cf84a88b23ba9c45b609) Importer(815301076,1909f56bfc062723c751e8b465ee728b)
Start importing Assets/Prefabs/_GM.prefab using Guid(c56de320f3b8cf84a88b23ba9c45b609) Importer(815301076,1909f56bfc062723c751e8b465ee728b)  -> (artifact id: '5b8af381fa210491de9bb7a7859982bb') in 0.063087 seconds
  Import took 0.067252 seconds .

========================================================================
Received Import Request.
  Time since last request: 0.000253 seconds.
  path: Assets/Prefabs/AlienSpaceship.prefab
  artifactKey: Guid(49a9890cbef021844be2f159d96f2f2e) Importer(815301076,1909f56bfc062723c751e8b465ee728b)
Start importing Assets/Prefabs/AlienSpaceship.prefab using Guid(49a9890cbef021844be2f159d96f2f2e) Importer(815301076,1909f56bfc062723c751e8b465ee728b)  -> (artifact id: 'f5953cf473a09171c1d81984f1887045') in 0.181777 seconds
  Import took 0.185780 seconds .

========================================================================
Received Import Request.
  Time since last request: 0.000250 seconds.
  path: Assets/Prefabs/Player 2.prefab
  artifactKey: Guid(87a2357765801c34292d6718d8b4d770) Importer(815301076,1909f56bfc062723c751e8b465ee728b)
Start importing Assets/Prefabs/Player 2.prefab using Guid(87a2357765801c34292d6718d8b4d770) Importer(815301076,1909f56bfc062723c751e8b465ee728b)  -> (artifact id: 'b169dc05eb2f07c55d25e148788c9f71') in 0.198210 seconds
  Import took 0.201852 seconds .

========================================================================
Received Import Request.
  Time since last request: 0.000280 seconds.
  path: Assets/Prefabs/Player.prefab
  artifactKey: Guid(8a8c1b2bc24d0f3479f9b535ce2c4159) Importer(815301076,1909f56bfc062723c751e8b465ee728b)
Start importing Assets/Prefabs/Player.prefab using Guid(8a8c1b2bc24d0f3479f9b535ce2c4159) Importer(815301076,1909f56bfc062723c751e8b465ee728b)  -> (artifact id: '8cf1ddd11b42bb34de07aae627ab894e') in 0.071903 seconds
  Import took 0.075673 seconds .

========================================================================
Received Prepare
Registering precompiled user dll's ...
Registered in 0.004940 seconds.
Begin MonoManager ReloadAssembly
Native extension for WindowsStandalone target not found
Refreshing native plugins compatible for Editor in 1.45 ms, found 1 plugins.
Preloading 0 native plugins for Editor in 0.00 ms.
Mono: successfully reloaded assembly
- Completed reload, in  1.284 seconds
Platform modules already initialized, skipping
Refreshing native plugins compatible for Editor in 0.53 ms, found 1 plugins.
Preloading 0 native plugins for Editor in 0.00 ms.
Unloading 2086 Unused Serialized files (Serialized files now loaded: 0)
System memory in use before: 176.8 MB.
System memory in use after: 176.4 MB.

Unloading 15 unused Assets to reduce memory usage. Loaded Objects now: 2632.
Total: 6.009600 ms (FindLiveObjects: 0.309600 ms CreateObjectMapping: 0.180800 ms MarkObjects: 5.033800 ms  DeleteObjects: 0.483800 ms)

========================================================================
Received Import Request.
  Time since last request: 447.386599 seconds.
  path: Assets/Audio/Bonus.wav
  artifactKey: Guid(5a0a57563307e5e4497e54a44adf4293) Importer(815301076,1909f56bfc062723c751e8b465ee728b)
Start importing Assets/Audio/Bonus.wav using Guid(5a0a57563307e5e4497e54a44adf4293) Importer(815301076,1909f56bfc062723c751e8b465ee728b)  -> (artifact id: 'e91b8a7658aa2aa283b71f40ab73f881') in 0.094190 seconds
  Import took 0.100469 seconds .

========================================================================
Received Import Request.
  Time since last request: 0.000221 seconds.
  path: Assets/Audio/Click.wav
  artifactKey: Guid(7cf38b79378541344867927952e5ec11) Importer(815301076,1909f56bfc062723c751e8b465ee728b)
Start importing Assets/Audio/Click.wav using Guid(7cf38b79378541344867927952e5ec11) Importer(815301076,1909f56bfc062723c751e8b465ee728b)  -> (artifact id: 'c140a947ad42b58e89a8d896edf8a361') in 0.069996 seconds
  Import took 0.074777 seconds .

========================================================================
Received Import Request.
  Time since last request: 55.110286 seconds.
  path: Assets/Audio/NoMoney.wav
  artifactKey: Guid(7cf38b79378541344867927952e5ec11) Importer(815301076,1909f56bfc062723c751e8b465ee728b)
Start importing Assets/Audio/NoMoney.wav using Guid(7cf38b79378541344867927952e5ec11) Importer(815301076,1909f56bfc062723c751e8b465ee728b)  -> (artifact id: '7d0fb65970dada02aa980287dc936bf5') in 0.052088 seconds
  Import took 0.055847 seconds .

========================================================================
Received Import Request.
  Time since last request: 3.314834 seconds.
  path: Assets/Audio/Money.wav
  artifactKey: Guid(5a0a57563307e5e4497e54a44adf4293) Importer(815301076,1909f56bfc062723c751e8b465ee728b)
Start importing Assets/Audio/Money.wav using Guid(5a0a57563307e5e4497e54a44adf4293) Importer(815301076,1909f56bfc062723c751e8b465ee728b)  -> (artifact id: '42698d97a22e5c546e8e49908dc00ee0') in 0.052307 seconds
  Import took 0.056200 seconds .

========================================================================
Received Prepare
Registering precompiled user dll's ...
Registered in 0.001832 seconds.
Begin MonoManager ReloadAssembly
Native extension for WindowsStandalone target not found
Refreshing native plugins compatible for Editor in 0.71 ms, found 1 plugins.
Preloading 0 native plugins for Editor in 0.00 ms.
Mono: successfully reloaded assembly
- Completed reload, in  0.999 seconds
Platform modules already initialized, skipping
Refreshing native plugins compatible for Editor in 0.52 ms, found 1 plugins.
Preloading 0 native plugins for Editor in 0.00 ms.
Unloading 2086 Unused Serialized files (Serialized files now loaded: 0)
System memory in use before: 176.9 MB.
System memory in use after: 176.5 MB.

Unloading 15 unused Assets to reduce memory usage. Loaded Objects now: 2639.
Total: 3.317000 ms (FindLiveObjects: 0.308700 ms CreateObjectMapping: 0.201500 ms MarkObjects: 2.264900 ms  DeleteObjects: 0.540600 ms)

========================================================================
Received Import Request.
  Time since last request: 122.625429 seconds.
  path: Assets/Scripts/Enemy.cs
  artifactKey: Guid(719430ac7d098214e99cc4398810ba1c) Importer(815301076,1909f56bfc062723c751e8b465ee728b)
Start importing Assets/Scripts/Enemy.cs using Guid(719430ac7d098214e99cc4398810ba1c) Importer(815301076,1909f56bfc062723c751e8b465ee728b)  -> (artifact id: '07ecc554df9f7f89e935d858c3c31eb9') in 0.050569 seconds
  Import took 0.066031 seconds .

========================================================================
Received Prepare
Registering precompiled user dll's ...
Registered in 0.001820 seconds.
Begin MonoManager ReloadAssembly
Native extension for WindowsStandalone target not found
Refreshing native plugins compatible for Editor in 0.55 ms, found 1 plugins.
Preloading 0 native plugins for Editor in 0.00 ms.
Mono: successfully reloaded assembly
- Completed reload, in  0.972 seconds
Platform modules already initialized, skipping
Refreshing native plugins compatible for Editor in 0.56 ms, found 1 plugins.
Preloading 0 native plugins for Editor in 0.00 ms.
Unloading 2086 Unused Serialized files (Serialized files now loaded: 0)
System memory in use before: 176.8 MB.
System memory in use after: 176.5 MB.

Unloading 15 unused Assets to reduce memory usage. Loaded Objects now: 2643.
Total: 3.163800 ms (FindLiveObjects: 0.303800 ms CreateObjectMapping: 0.183800 ms MarkObjects: 2.135100 ms  DeleteObjects: 0.539800 ms)

========================================================================
Received Import Request.
  Time since last request: 215.905142 seconds.
  path: Assets/Scripts/Enemy.cs
  artifactKey: Guid(719430ac7d098214e99cc4398810ba1c) Importer(815301076,1909f56bfc062723c751e8b465ee728b)
Start importing Assets/Scripts/Enemy.cs using Guid(719430ac7d098214e99cc4398810ba1c) Importer(815301076,1909f56bfc062723c751e8b465ee728b)  -> (artifact id: '7ce3af96e9ec019256105e29a7675ed1') in 0.005766 seconds
  Import took 0.009390 seconds .

========================================================================
Received Prepare
Registering precompiled user dll's ...
Registered in 0.002062 seconds.
Begin MonoManager ReloadAssembly
Native extension for WindowsStandalone target not found
Refreshing native plugins compatible for Editor in 0.62 ms, found 1 plugins.
Preloading 0 native plugins for Editor in 0.00 ms.
Mono: successfully reloaded assembly
- Completed reload, in  1.136 seconds
Platform modules already initialized, skipping
Refreshing native plugins compatible for Editor in 0.52 ms, found 1 plugins.
Preloading 0 native plugins for Editor in 0.00 ms.
Unloading 2086 Unused Serialized files (Serialized files now loaded: 0)
System memory in use before: 176.9 MB.
System memory in use after: 176.5 MB.

Unloading 15 unused Assets to reduce memory usage. Loaded Objects now: 2647.
Total: 3.328500 ms (FindLiveObjects: 0.278500 ms CreateObjectMapping: 0.175200 ms MarkObjects: 2.204500 ms  DeleteObjects: 0.669400 ms)

========================================================================
Received Prepare
Registering precompiled user dll's ...
Registered in 0.001921 seconds.
Begin MonoManager ReloadAssembly
Native extension for WindowsStandalone target not found
Refreshing native plugins compatible for Editor in 0.50 ms, found 1 plugins.
Preloading 0 native plugins for Editor in 0.00 ms.
Mono: successfully reloaded assembly
- Completed reload, in  1.039 seconds
Platform modules already initialized, skipping
Refreshing native plugins compatible for Editor in 0.51 ms, found 1 plugins.
Preloading 0 native plugins for Editor in 0.00 ms.
Unloading 2086 Unused Serialized files (Serialized files now loaded: 0)
System memory in use before: 176.9 MB.
System memory in use after: 176.5 MB.

Unloading 15 unused Assets to reduce memory usage. Loaded Objects now: 2651.
Total: 3.203800 ms (FindLiveObjects: 0.281600 ms CreateObjectMapping: 0.182300 ms MarkObjects: 2.192300 ms  DeleteObjects: 0.546400 ms)

========================================================================
Received Import Request.
  Time since last request: 537.699148 seconds.
  path: Assets/fuck.unity
  artifactKey: Guid(10dc63addfc6cbf44bada85abfa0c9df) Importer(815301076,1909f56bfc062723c751e8b465ee728b)
Start importing Assets/fuck.unity using Guid(10dc63addfc6cbf44bada85abfa0c9df) Importer(815301076,1909f56bfc062723c751e8b465ee728b)  -> (artifact id: 'd70019b2711379316e1fb446187c06d5') in 0.042223 seconds
  Import took 0.046267 seconds .

========================================================================
Received Import Request.
  Time since last request: 7.339728 seconds.
  path: Assets/Enemies_3.unity
  artifactKey: Guid(77feaf294da0b6843afa397518c11310) Importer(815301076,1909f56bfc062723c751e8b465ee728b)
Start importing Assets/Enemies_3.unity using Guid(77feaf294da0b6843afa397518c11310) Importer(815301076,1909f56bfc062723c751e8b465ee728b)  -> (artifact id: '4331f769dd9ad695f0f120e1a5098ff9') in 0.032682 seconds
  Import took 0.036915 seconds .

========================================================================
Received Prepare
Registering precompiled user dll's ...
Registered in 0.002295 seconds.
Begin MonoManager ReloadAssembly
Native extension for WindowsStandalone target not found
Refreshing native plugins compatible for Editor in 0.67 ms, found 1 plugins.
Preloading 0 native plugins for Editor in 0.00 ms.
Mono: successfully reloaded assembly
- Completed reload, in  1.205 seconds
Platform modules already initialized, skipping
Refreshing native plugins compatible for Editor in 0.73 ms, found 1 plugins.
Preloading 0 native plugins for Editor in 0.00 ms.
Unloading 2086 Unused Serialized files (Serialized files now loaded: 0)
System memory in use before: 176.9 MB.
System memory in use after: 176.5 MB.

Unloading 15 unused Assets to reduce memory usage. Loaded Objects now: 2655.
Total: 4.197400 ms (FindLiveObjects: 0.296700 ms CreateObjectMapping: 0.130400 ms MarkObjects: 3.253100 ms  DeleteObjects: 0.515900 ms)

========================================================================
Received Prepare
Registering precompiled user dll's ...
Registered in 0.002494 seconds.
Begin MonoManager ReloadAssembly
Native extension for WindowsStandalone target not found
Refreshing native plugins compatible for Editor in 0.56 ms, found 1 plugins.
Preloading 0 native plugins for Editor in 0.00 ms.
Mono: successfully reloaded assembly
- Completed reload, in  1.271 seconds
Platform modules already initialized, skipping
Refreshing native plugins compatible for Editor in 0.67 ms, found 1 plugins.
Preloading 0 native plugins for Editor in 0.00 ms.
Unloading 2086 Unused Serialized files (Serialized files now loaded: 0)
System memory in use before: 176.9 MB.
System memory in use after: 176.5 MB.

Unloading 15 unused Assets to reduce memory usage. Loaded Objects now: 2659.
Total: 4.060000 ms (FindLiveObjects: 0.286200 ms CreateObjectMapping: 0.109700 ms MarkObjects: 3.150100 ms  DeleteObjects: 0.512400 ms)

========================================================================
Received Import Request.
  Time since last request: 677.164011 seconds.
  path: Assets/MainLevel.unity
  artifactKey: Guid(5bd75e94954c29b4d8ee99aa53e07ca5) Importer(815301076,1909f56bfc062723c751e8b465ee728b)
Start importing Assets/MainLevel.unity using Guid(5bd75e94954c29b4d8ee99aa53e07ca5) Importer(815301076,1909f56bfc062723c751e8b465ee728b)  -> (artifact id: '0fb47eeaa757da3a13b3bd2fc8268a5d') in 0.043905 seconds
  Import took 0.052168 seconds .

========================================================================
Received Prepare
Registering precompiled user dll's ...
Registered in 0.002484 seconds.
Begin MonoManager ReloadAssembly
Native extension for WindowsStandalone target not found
Refreshing native plugins compatible for Editor in 0.86 ms, found 1 plugins.
Preloading 0 native plugins for Editor in 0.00 ms.
Mono: successfully reloaded assembly
- Completed reload, in  1.979 seconds
Platform modules already initialized, skipping
Refreshing native plugins compatible for Editor in 0.75 ms, found 1 plugins.
Preloading 0 native plugins for Editor in 0.00 ms.
Unloading 2086 Unused Serialized files (Serialized files now loaded: 0)
System memory in use before: 176.9 MB.
System memory in use after: 176.5 MB.

Unloading 15 unused Assets to reduce memory usage. Loaded Objects now: 2663.
Total: 7.868100 ms (FindLiveObjects: 0.902000 ms CreateObjectMapping: 0.730300 ms MarkObjects: 5.555800 ms  DeleteObjects: 0.678200 ms)

========================================================================
Received Prepare
Registering precompiled user dll's ...
Registered in 0.001750 seconds.
Begin MonoManager ReloadAssembly
Native extension for WindowsStandalone target not found
Refreshing native plugins compatible for Editor in 0.56 ms, found 1 plugins.
Preloading 0 native plugins for Editor in 0.00 ms.
Mono: successfully reloaded assembly
- Completed reload, in  1.025 seconds
Platform modules already initialized, skipping
Refreshing native plugins compatible for Editor in 0.64 ms, found 1 plugins.
Preloading 0 native plugins for Editor in 0.00 ms.
Unloading 2086 Unused Serialized files (Serialized files now loaded: 0)
System memory in use before: 176.9 MB.
System memory in use after: 176.5 MB.

Unloading 15 unused Assets to reduce memory usage. Loaded Objects now: 2667.
Total: 6.161300 ms (FindLiveObjects: 1.406500 ms CreateObjectMapping: 0.259700 ms MarkObjects: 3.755300 ms  DeleteObjects: 0.737700 ms)

========================================================================
Received Prepare
Registering precompiled user dll's ...
Registered in 0.001918 seconds.
Begin MonoManager ReloadAssembly
Native extension for WindowsStandalone target not found
Refreshing native plugins compatible for Editor in 0.55 ms, found 1 plugins.
Preloading 0 native plugins for Editor in 0.00 ms.
Mono: successfully reloaded assembly
- Completed reload, in  0.960 seconds
Platform modules already initialized, skipping
Refreshing native plugins compatible for Editor in 0.61 ms, found 1 plugins.
Preloading 0 native plugins for Editor in 0.00 ms.
Unloading 2086 Unused Serialized files (Serialized files now loaded: 0)
System memory in use before: 176.9 MB.
System memory in use after: 176.6 MB.

Unloading 15 unused Assets to reduce memory usage. Loaded Objects now: 2671.
Total: 3.633100 ms (FindLiveObjects: 0.335300 ms CreateObjectMapping: 0.205000 ms MarkObjects: 2.605700 ms  DeleteObjects: 0.485300 ms)

========================================================================
Received Prepare
Registering precompiled user dll's ...
Registered in 0.001810 seconds.
Begin MonoManager ReloadAssembly
Native extension for WindowsStandalone target not found
Refreshing native plugins compatible for Editor in 0.56 ms, found 1 plugins.
Preloading 0 native plugins for Editor in 0.00 ms.
Mono: successfully reloaded assembly
- Completed reload, in  1.011 seconds
Platform modules already initialized, skipping
Refreshing native plugins compatible for Editor in 0.86 ms, found 1 plugins.
Preloading 0 native plugins for Editor in 0.00 ms.
Unloading 2086 Unused Serialized files (Serialized files now loaded: 0)
System memory in use before: 177.0 MB.
System memory in use after: 176.6 MB.

Unloading 15 unused Assets to reduce memory usage. Loaded Objects now: 2675.
Total: 3.635600 ms (FindLiveObjects: 0.321300 ms CreateObjectMapping: 0.199700 ms MarkObjects: 2.607400 ms  DeleteObjects: 0.505900 ms)

========================================================================
Received Prepare
Registering precompiled user dll's ...
Registered in 0.001666 seconds.
Begin MonoManager ReloadAssembly
Native extension for WindowsStandalone target not found
Refreshing native plugins compatible for Editor in 0.54 ms, found 1 plugins.
Preloading 0 native plugins for Editor in 0.00 ms.
Mono: successfully reloaded assembly
- Completed reload, in  1.068 seconds
Platform modules already initialized, skipping
Refreshing native plugins compatible for Editor in 0.55 ms, found 1 plugins.
Preloading 0 native plugins for Editor in 0.00 ms.
Unloading 2086 Unused Serialized files (Serialized files now loaded: 0)
System memory in use before: 177.0 MB.
System memory in use after: 176.6 MB.

Unloading 15 unused Assets to reduce memory usage. Loaded Objects now: 2679.
Total: 3.108200 ms (FindLiveObjects: 0.227200 ms CreateObjectMapping: 0.084200 ms MarkObjects: 2.237300 ms  DeleteObjects: 0.558700 ms)

========================================================================
Received Prepare
Registering precompiled user dll's ...
Registered in 0.001851 seconds.
Begin MonoManager ReloadAssembly
Native extension for WindowsStandalone target not found
Refreshing native plugins compatible for Editor in 0.55 ms, found 1 plugins.
Preloading 0 native plugins for Editor in 0.00 ms.
Mono: successfully reloaded assembly
- Completed reload, in  0.990 seconds
Platform modules already initialized, skipping
Refreshing native plugins compatible for Editor in 0.58 ms, found 1 plugins.
Preloading 0 native plugins for Editor in 0.00 ms.
Unloading 2086 Unused Serialized files (Serialized files now loaded: 0)
System memory in use before: 176.9 MB.
System memory in use after: 176.6 MB.

Unloading 15 unused Assets to reduce memory usage. Loaded Objects now: 2683.
Total: 5.245300 ms (FindLiveObjects: 0.358000 ms CreateObjectMapping: 0.216900 ms MarkObjects: 4.137400 ms  DeleteObjects: 0.531500 ms)

========================================================================
Received Prepare
Registering precompiled user dll's ...
Registered in 0.001842 seconds.
Begin MonoManager ReloadAssembly
Native extension for WindowsStandalone target not found
Refreshing native plugins compatible for Editor in 0.58 ms, found 1 plugins.
Preloading 0 native plugins for Editor in 0.00 ms.
Mono: successfully reloaded assembly
- Completed reload, in  1.044 seconds
Platform modules already initialized, skipping
Refreshing native plugins compatible for Editor in 0.58 ms, found 1 plugins.
Preloading 0 native plugins for Editor in 0.00 ms.
Unloading 2086 Unused Serialized files (Serialized files now loaded: 0)
System memory in use before: 177.0 MB.
System memory in use after: 176.6 MB.

Unloading 15 unused Assets to reduce memory usage. Loaded Objects now: 2687.
Total: 3.785300 ms (FindLiveObjects: 0.228300 ms CreateObjectMapping: 0.079600 ms MarkObjects: 2.969900 ms  DeleteObjects: 0.506200 ms)

========================================================================
Received Import Request.
  Time since last request: 742.147793 seconds.
  path: Assets/Prefabs/AlienSpaceship.prefab
  artifactKey: Guid(49a9890cbef021844be2f159d96f2f2e) Importer(815301076,1909f56bfc062723c751e8b465ee728b)
Start importing Assets/Prefabs/AlienSpaceship.prefab using Guid(49a9890cbef021844be2f159d96f2f2e) Importer(815301076,1909f56bfc062723c751e8b465ee728b)  -> (artifact id: '485035ce8950f13b3256903cb0ec93e4') in 0.147460 seconds
  Import took 0.153415 seconds .

========================================================================
Received Prepare
Registering precompiled user dll's ...
Registered in 0.002320 seconds.
Begin MonoManager ReloadAssembly
Native extension for WindowsStandalone target not found
Refreshing native plugins compatible for Editor in 0.52 ms, found 1 plugins.
Preloading 0 native plugins for Editor in 0.00 ms.
Mono: successfully reloaded assembly
- Completed reload, in  0.920 seconds
Platform modules already initialized, skipping
Refreshing native plugins compatible for Editor in 0.60 ms, found 1 plugins.
Preloading 0 native plugins for Editor in 0.00 ms.
Unloading 2086 Unused Serialized files (Serialized files now loaded: 0)
System memory in use before: 177.0 MB.
System memory in use after: 176.6 MB.

Unloading 15 unused Assets to reduce memory usage. Loaded Objects now: 2692.
Total: 3.333600 ms (FindLiveObjects: 0.283200 ms CreateObjectMapping: 0.183700 ms MarkObjects: 2.263600 ms  DeleteObjects: 0.602100 ms)

========================================================================
Received Import Request.
  Time since last request: 7.562759 seconds.
  path: Assets/Prefabs/AudioManager.prefab
  artifactKey: Guid(4b0ffdd0d0d9ac94f8d030e6a98e8021) Importer(815301076,1909f56bfc062723c751e8b465ee728b)
Start importing Assets/Prefabs/AudioManager.prefab using Guid(4b0ffdd0d0d9ac94f8d030e6a98e8021) Importer(815301076,1909f56bfc062723c751e8b465ee728b)  -> (artifact id: '6a0e84edf3aaf7561098541e4e19a593') in 0.174198 seconds
  Import took 0.181949 seconds .

AssetImportWorkerClient::OnTransportError - code=2 error=End of file
