Using pre-set license
Built from '2020.3/staging' branch; Version is '2020.3.4f1 (0abb6314276a) revision 703331'; Using compiler version '192528614'; Build Type 'Release'
OS: 'Windows 10 Pro; OS build 19042.985; Version 2009; 64bit' Language: 'en' Physical Memory: 16330 MB
BatchMode: 1, IsHumanControllingUs: 0, StartBugReporterOnCrash: 0, Is64bit: 1, IsPro: 0

 COMMAND LINE ARGUMENTS:
E:\Technibob_bits\Unity\2020.3.4f1\Editor\Unity.exe
-adb2
-batchMode
-noUpm
-name
AssetImportWorker0
-projectPath
E:/Mine/Backup/Unity Work/New Unity ProjectAttempt_2
-logFile
Logs/AssetImportWorker0.log
-srvPort
62557
Successfully changed project path to: E:/Mine/Backup/Unity Work/New Unity ProjectAttempt_2
E:/Mine/Backup/Unity Work/New Unity ProjectAttempt_2
Using Asset Import Pipeline V2.
Refreshing native plugins compatible for Editor in 57.21 ms, found 1 plugins.
Preloading 0 native plugins for Editor in 0.00 ms.
Initialize engine version: 2020.3.4f1 (0abb6314276a)
[Subsystems] Discovering subsystems at path E:/Technibob_bits/Unity/2020.3.4f1/Editor/Data/Resources/UnitySubsystems
[Subsystems] Discovering subsystems at path E:/Mine/Backup/Unity Work/New Unity ProjectAttempt_2/Assets
GfxDevice: creating device client; threaded=0
Direct3D:
    Version:  Direct3D 11.0 [level 11.1]
    Renderer: NVIDIA GeForce GTX 1050 Ti (ID=0x1c82)
    Vendor:   
    VRAM:     4018 MB
    Driver:   27.21.14.6647
Initialize mono
Mono path[0] = 'E:/Technibob_bits/Unity/2020.3.4f1/Editor/Data/Managed'
Mono path[1] = 'E:/Technibob_bits/Unity/2020.3.4f1/Editor/Data/MonoBleedingEdge/lib/mono/unityjit'
Mono config path = 'E:/Technibob_bits/Unity/2020.3.4f1/Editor/Data/MonoBleedingEdge/etc'
Using monoOptions --debugger-agent=transport=dt_socket,embedding=1,server=y,suspend=n,address=127.0.0.1:56632
Begin MonoManager ReloadAssembly
Registering precompiled unity dll's ...
Register platform support module: E:/Technibob_bits/Unity/2020.3.4f1/Editor/Data/PlaybackEngines/WindowsStandaloneSupport/UnityEditor.WindowsStandalone.Extensions.dll
Registered in 0.002177 seconds.
Native extension for WindowsStandalone target not found
Refreshing native plugins compatible for Editor in 59.46 ms, found 1 plugins.
Preloading 0 native plugins for Editor in 0.00 ms.
Mono: successfully reloaded assembly
- Completed reload, in  1.755 seconds
Platform modules already initialized, skipping
Registering precompiled user dll's ...
Registered in 0.002106 seconds.
Begin MonoManager ReloadAssembly
Native extension for WindowsStandalone target not found
Refreshing native plugins compatible for Editor in 46.65 ms, found 1 plugins.
Preloading 0 native plugins for Editor in 0.00 ms.
Mono: successfully reloaded assembly
- Completed reload, in  1.276 seconds
Platform modules already initialized, skipping
========================================================================
Worker process is ready to serve import requests
Launched and connected shader compiler UnityShaderCompiler.exe after 0.21 seconds
Refreshing native plugins compatible for Editor in 0.53 ms, found 1 plugins.
Preloading 0 native plugins for Editor in 0.00 ms.
Unloading 2133 Unused Serialized files (Serialized files now loaded: 0)
System memory in use before: 177.8 MB.
System memory in use after: 177.4 MB.

Unloading 27 unused Assets to reduce memory usage. Loaded Objects now: 2583.
Total: 2.929000 ms (FindLiveObjects: 0.284200 ms CreateObjectMapping: 0.179300 ms MarkObjects: 2.036400 ms  DeleteObjects: 0.428200 ms)

========================================================================
Received Import Request.
  path: Assets/Attempt_4.unity
  artifactKey: Guid(aea525926f10e7d478be52f5da864162) Importer(815301076,1909f56bfc062723c751e8b465ee728b)
Start importing Assets/Attempt_4.unity using Guid(aea525926f10e7d478be52f5da864162) Importer(815301076,1909f56bfc062723c751e8b465ee728b)  -> (artifact id: '1c3e9c6caa6e756c0070cd3114b058f6') in 0.759986 seconds
  Import took 1.580405 seconds .

AssetImportWorkerClient::OnTransportError - code=2 error=End of file
